2018-08-19 18:45:21,168 INFO sql - INSERT INTO user_info SET fname = '章三', fwork_id=1001, fdept_id=1, flevel_id=1, fpassword='password' [temp.py:35]
2018-08-19 18:47:14,027 INFO sql - SELECT * FROM user_info [temp.py:59]
2018-08-19 18:47:14,029 INFO sql data -- [{'fname': '章三', 'fwork_id': 1001, 'fdept_id': 1, 'flevel_id': 1, 'fpassword': 'password', 'fadd_time': None, 'fupdate_time': None}] [temp.py:65]
2018-08-19 18:47:14,029 INFO sql data -- [{'fname': '章三', 'fwork_id': 1001, 'fdept_id': 1, 'flevel_id': 1, 'fpassword': 'password', 'fadd_time': None, 'fupdate_time': None}] [temp.py:65]
2018-08-19 18:48:08,400 INFO sql - SELECT * FROM user_info [temp.py:59]
2018-08-19 18:48:08,402 INFO sql data -- [{'fname': '章三', 'fwork_id': 1001, 'fdept_id': 1, 'flevel_id': 1, 'fpassword': 'password', 'fadd_time': None, 'fupdate_time': None}] [temp.py:65]
2018-08-19 18:48:08,402 INFO sql data -- [{'fname': '章三', 'fwork_id': 1001, 'fdept_id': 1, 'flevel_id': 1, 'fpassword': 'password', 'fadd_time': None, 'fupdate_time': None}] [temp.py:65]
2018-08-20 00:00:20,796 INFO request args -- {'fwork_id': '', 'fpassword': ''} [/mnt/usb/public/source/project/hpshSystem/controllers/base_controller.py:23]
2018-08-20 00:00:36,231 INFO request args -- {'fwork_id': '1001', 'fpassword': 'password'} [/mnt/usb/public/source/project/hpshSystem/controllers/base_controller.py:23]
2018-08-20 00:00:36,231 INFO request args -- {'fwork_id': '1001', 'fpassword': 'password'} [/mnt/usb/public/source/project/hpshSystem/controllers/base_controller.py:23]
2018-08-20 00:10:39,232 INFO request args -- {'fwork_id': '1001', 'fpassword': 'password'} [/mnt/usb/public/source/project/hpshSystem/controllers/base_controller.py:23]
2018-08-20 00:10:39,232 INFO request args -- {'fwork_id': '1001', 'fpassword': 'password'} [/mnt/usb/public/source/project/hpshSystem/controllers/base_controller.py:23]
2018-08-20 00:10:39,232 INFO request args -- {'fwork_id': '1001', 'fpassword': 'password'} [/mnt/usb/public/source/project/hpshSystem/controllers/base_controller.py:23]
2018-08-20 00:10:42,119 INFO request args -- {} [/mnt/usb/public/source/project/hpshSystem/controllers/base_controller.py:23]
2018-08-20 00:10:42,119 INFO request args -- {} [/mnt/usb/public/source/project/hpshSystem/controllers/base_controller.py:23]
2018-08-20 00:10:42,119 INFO request args -- {} [/mnt/usb/public/source/project/hpshSystem/controllers/base_controller.py:23]
2018-08-20 00:10:42,119 INFO request args -- {} [/mnt/usb/public/source/project/hpshSystem/controllers/base_controller.py:23]
2018-08-20 00:14:24,430 INFO starting -- 0.0.0.0 -- 8080 [bootstrap.py:52]
2018-08-20 00:14:37,104 INFO request args -- {'fwork_id': '1001', 'fpassword': 'password'} [/mnt/usb/public/source/project/hpshSystem/controllers/base_controller.py:23]
2018-08-20 00:14:37,104 INFO request args -- {'fwork_id': '1001', 'fpassword': 'password'} [/mnt/usb/public/source/project/hpshSystem/controllers/base_controller.py:23]
2018-08-20 00:14:40,342 INFO request args -- {} [/mnt/usb/public/source/project/hpshSystem/controllers/base_controller.py:23]
2018-08-20 00:14:40,342 INFO request args -- {} [/mnt/usb/public/source/project/hpshSystem/controllers/base_controller.py:23]
2018-08-20 00:14:40,342 INFO request args -- {} [/mnt/usb/public/source/project/hpshSystem/controllers/base_controller.py:23]
2018-08-20 00:15:01,071 INFO request args -- {'fwork_id': '1001', 'fpassword': 'password'} [/mnt/usb/public/source/project/hpshSystem/controllers/base_controller.py:23]
2018-08-20 00:15:01,071 INFO request args -- {'fwork_id': '1001', 'fpassword': 'password'} [/mnt/usb/public/source/project/hpshSystem/controllers/base_controller.py:23]
2018-08-20 00:15:01,071 INFO request args -- {'fwork_id': '1001', 'fpassword': 'password'} [/mnt/usb/public/source/project/hpshSystem/controllers/base_controller.py:23]
2018-08-20 00:15:01,071 INFO request args -- {'fwork_id': '1001', 'fpassword': 'password'} [/mnt/usb/public/source/project/hpshSystem/controllers/base_controller.py:23]
2018-08-20 00:15:30,218 INFO request args -- {'fwork_id': '1001', 'fpassword': 'password'} [/mnt/usb/public/source/project/hpshSystem/controllers/base_controller.py:23]
2018-08-20 00:15:30,218 INFO request args -- {'fwork_id': '1001', 'fpassword': 'password'} [/mnt/usb/public/source/project/hpshSystem/controllers/base_controller.py:23]
2018-08-20 00:15:30,218 INFO request args -- {'fwork_id': '1001', 'fpassword': 'password'} [/mnt/usb/public/source/project/hpshSystem/controllers/base_controller.py:23]
2018-08-20 00:15:30,218 INFO request args -- {'fwork_id': '1001', 'fpassword': 'password'} [/mnt/usb/public/source/project/hpshSystem/controllers/base_controller.py:23]
2018-08-20 00:15:30,218 INFO request args -- {'fwork_id': '1001', 'fpassword': 'password'} [/mnt/usb/public/source/project/hpshSystem/controllers/base_controller.py:23]
2018-08-20 00:28:44,144 INFO starting -- 0.0.0.0 -- 8080 [bootstrap.py:52]
2018-08-20 00:29:06,259 INFO request args -- {'fwork_id': '1001', 'fpassword': 'passwor'} [/mnt/usb/public/source/project/hpshSystem/controllers/base_controller.py:23]
2018-08-20 00:29:06,259 INFO request args -- {'fwork_id': '1001', 'fpassword': 'passwor'} [/mnt/usb/public/source/project/hpshSystem/controllers/base_controller.py:23]
2018-08-20 00:29:20,163 INFO request args -- {'fwork_id': '1`001', 'fpassword': 'ss'} [/mnt/usb/public/source/project/hpshSystem/controllers/base_controller.py:23]
2018-08-20 00:29:20,163 INFO request args -- {'fwork_id': '1`001', 'fpassword': 'ss'} [/mnt/usb/public/source/project/hpshSystem/controllers/base_controller.py:23]
2018-08-20 00:29:20,163 INFO request args -- {'fwork_id': '1`001', 'fpassword': 'ss'} [/mnt/usb/public/source/project/hpshSystem/controllers/base_controller.py:23]
2018-08-20 00:29:42,701 INFO request args -- {} [/mnt/usb/public/source/project/hpshSystem/controllers/base_controller.py:23]
2018-08-20 00:29:42,701 INFO request args -- {} [/mnt/usb/public/source/project/hpshSystem/controllers/base_controller.py:23]
2018-08-20 00:29:42,701 INFO request args -- {} [/mnt/usb/public/source/project/hpshSystem/controllers/base_controller.py:23]
2018-08-20 00:29:42,701 INFO request args -- {} [/mnt/usb/public/source/project/hpshSystem/controllers/base_controller.py:23]
2018-08-20 00:29:48,442 INFO request args -- {'fwork_id': '1`001', 'fpassword': 'ss'} [/mnt/usb/public/source/project/hpshSystem/controllers/base_controller.py:23]
2018-08-20 00:29:48,442 INFO request args -- {'fwork_id': '1`001', 'fpassword': 'ss'} [/mnt/usb/public/source/project/hpshSystem/controllers/base_controller.py:23]
2018-08-20 00:29:48,442 INFO request args -- {'fwork_id': '1`001', 'fpassword': 'ss'} [/mnt/usb/public/source/project/hpshSystem/controllers/base_controller.py:23]
2018-08-20 00:29:48,442 INFO request args -- {'fwork_id': '1`001', 'fpassword': 'ss'} [/mnt/usb/public/source/project/hpshSystem/controllers/base_controller.py:23]
2018-08-20 00:29:48,442 INFO request args -- {'fwork_id': '1`001', 'fpassword': 'ss'} [/mnt/usb/public/source/project/hpshSystem/controllers/base_controller.py:23]
2018-08-20 00:33:50,594 INFO starting -- 0.0.0.0 -- 8080 [bootstrap.py:52]
2018-08-20 00:34:31,565 INFO starting -- 0.0.0.0 -- 8080 [bootstrap.py:52]
2018-08-20 00:34:42,481 INFO request args -- {'fwork_id': '', 'fpassword': ''} [/mnt/usb/public/source/project/hpshSystem/controllers/base_controller.py:23]
2018-08-20 00:34:42,481 INFO request args -- {'fwork_id': '', 'fpassword': ''} [/mnt/usb/public/source/project/hpshSystem/controllers/base_controller.py:23]
2018-08-20 00:34:54,171 INFO request args -- {'fwork_id': 'sas', 'fpassword': 'ss'} [/mnt/usb/public/source/project/hpshSystem/controllers/base_controller.py:23]
2018-08-20 00:34:54,171 INFO request args -- {'fwork_id': 'sas', 'fpassword': 'ss'} [/mnt/usb/public/source/project/hpshSystem/controllers/base_controller.py:23]
2018-08-20 00:34:54,171 INFO request args -- {'fwork_id': 'sas', 'fpassword': 'ss'} [/mnt/usb/public/source/project/hpshSystem/controllers/base_controller.py:23]
2018-08-20 00:36:38,375 INFO starting -- 0.0.0.0 -- 8080 [bootstrap.py:52]
2018-08-20 00:36:43,870 INFO request args -- {} [/mnt/usb/public/source/project/hpshSystem/controllers/base_controller.py:23]
2018-08-20 00:36:43,870 INFO request args -- {} [/mnt/usb/public/source/project/hpshSystem/controllers/base_controller.py:23]
2018-08-20 00:36:46,197 INFO request args -- {'fwork_id': 'sas', 'fpassword': 'ss'} [/mnt/usb/public/source/project/hpshSystem/controllers/base_controller.py:23]
2018-08-20 00:36:46,197 INFO request args -- {'fwork_id': 'sas', 'fpassword': 'ss'} [/mnt/usb/public/source/project/hpshSystem/controllers/base_controller.py:23]
2018-08-20 00:36:46,197 INFO request args -- {'fwork_id': 'sas', 'fpassword': 'ss'} [/mnt/usb/public/source/project/hpshSystem/controllers/base_controller.py:23]
2018-08-20 00:40:26,201 INFO request args -- {'fwork_id': 'sas', 'fpassword': ''} [/mnt/usb/public/source/project/hpshSystem/controllers/base_controller.py:23]
2018-08-20 00:40:26,201 INFO request args -- {'fwork_id': 'sas', 'fpassword': ''} [/mnt/usb/public/source/project/hpshSystem/controllers/base_controller.py:23]
2018-08-20 00:40:26,201 INFO request args -- {'fwork_id': 'sas', 'fpassword': ''} [/mnt/usb/public/source/project/hpshSystem/controllers/base_controller.py:23]
2018-08-20 00:40:26,201 INFO request args -- {'fwork_id': 'sas', 'fpassword': ''} [/mnt/usb/public/source/project/hpshSystem/controllers/base_controller.py:23]
2018-08-20 00:40:57,339 INFO starting -- 0.0.0.0 -- 8080 [bootstrap.py:52]
2018-08-20 00:41:09,534 INFO request args -- {'fwork_id': '1001', 'fpassword': 'pass'} [/mnt/usb/public/source/project/hpshSystem/controllers/base_controller.py:23]
2018-08-20 00:41:09,534 INFO request args -- {'fwork_id': '1001', 'fpassword': 'pass'} [/mnt/usb/public/source/project/hpshSystem/controllers/base_controller.py:23]
2018-08-20 00:42:13,595 INFO starting -- 0.0.0.0 -- 8080 [bootstrap.py:52]
2018-08-20 00:42:23,627 INFO request args -- {'fwork_id': '1011', 'fpassword': 'pass'} [/mnt/usb/public/source/project/hpshSystem/controllers/base_controller.py:23]
2018-08-20 00:42:23,627 INFO request args -- {'fwork_id': '1011', 'fpassword': 'pass'} [/mnt/usb/public/source/project/hpshSystem/controllers/base_controller.py:23]
2018-08-20 00:42:23,661 INFO sql - select * from user_info where fwork_id=1011 and fpassword=pass [/mnt/usb/public/source/project/hpshSystem/models/connection/db_mysql.py:59]
2018-08-20 00:42:23,661 INFO sql - select * from user_info where fwork_id=1011 and fpassword=pass [/mnt/usb/public/source/project/hpshSystem/models/connection/db_mysql.py:59]
2018-08-20 00:42:23,661 INFO sql - select * from user_info where fwork_id=1011 and fpassword=pass [/mnt/usb/public/source/project/hpshSystem/models/connection/db_mysql.py:59]
2018-08-20 00:42:23,666 ERROR SQL执行异常--(1054, "Unknown column 'pass' in 'where clause'") [/mnt/usb/public/source/project/hpshSystem/models/connection/db_mysql.py:68]
2018-08-20 00:42:23,666 ERROR SQL执行异常--(1054, "Unknown column 'pass' in 'where clause'") [/mnt/usb/public/source/project/hpshSystem/models/connection/db_mysql.py:68]
2018-08-20 00:42:23,666 ERROR SQL执行异常--(1054, "Unknown column 'pass' in 'where clause'") [/mnt/usb/public/source/project/hpshSystem/models/connection/db_mysql.py:68]
2018-08-20 00:42:59,008 INFO request args -- {'fwork_id': '1001', 'fpassword': 'password'} [/mnt/usb/public/source/project/hpshSystem/controllers/base_controller.py:23]
2018-08-20 00:42:59,008 INFO request args -- {'fwork_id': '1001', 'fpassword': 'password'} [/mnt/usb/public/source/project/hpshSystem/controllers/base_controller.py:23]
2018-08-20 00:42:59,008 INFO request args -- {'fwork_id': '1001', 'fpassword': 'password'} [/mnt/usb/public/source/project/hpshSystem/controllers/base_controller.py:23]
2018-08-20 00:42:59,008 INFO request args -- {'fwork_id': '1001', 'fpassword': 'password'} [/mnt/usb/public/source/project/hpshSystem/controllers/base_controller.py:23]
2018-08-20 00:42:59,013 INFO sql - select * from user_info where fwork_id=1001 and fpassword=password [/mnt/usb/public/source/project/hpshSystem/models/connection/db_mysql.py:59]
2018-08-20 00:42:59,013 INFO sql - select * from user_info where fwork_id=1001 and fpassword=password [/mnt/usb/public/source/project/hpshSystem/models/connection/db_mysql.py:59]
2018-08-20 00:42:59,013 INFO sql - select * from user_info where fwork_id=1001 and fpassword=password [/mnt/usb/public/source/project/hpshSystem/models/connection/db_mysql.py:59]
2018-08-20 00:42:59,013 INFO sql - select * from user_info where fwork_id=1001 and fpassword=password [/mnt/usb/public/source/project/hpshSystem/models/connection/db_mysql.py:59]
2018-08-20 00:42:59,013 INFO sql - select * from user_info where fwork_id=1001 and fpassword=password [/mnt/usb/public/source/project/hpshSystem/models/connection/db_mysql.py:59]
2018-08-20 00:42:59,015 ERROR SQL执行异常--(1054, "Unknown column 'password' in 'where clause'") [/mnt/usb/public/source/project/hpshSystem/models/connection/db_mysql.py:68]
2018-08-20 00:42:59,015 ERROR SQL执行异常--(1054, "Unknown column 'password' in 'where clause'") [/mnt/usb/public/source/project/hpshSystem/models/connection/db_mysql.py:68]
2018-08-20 00:42:59,015 ERROR SQL执行异常--(1054, "Unknown column 'password' in 'where clause'") [/mnt/usb/public/source/project/hpshSystem/models/connection/db_mysql.py:68]
2018-08-20 00:42:59,015 ERROR SQL执行异常--(1054, "Unknown column 'password' in 'where clause'") [/mnt/usb/public/source/project/hpshSystem/models/connection/db_mysql.py:68]
2018-08-20 00:42:59,015 ERROR SQL执行异常--(1054, "Unknown column 'password' in 'where clause'") [/mnt/usb/public/source/project/hpshSystem/models/connection/db_mysql.py:68]
2018-08-20 00:43:09,901 INFO request args -- {'fwork_id': '1001', 'fpassword': 'password'} [/mnt/usb/public/source/project/hpshSystem/controllers/base_controller.py:23]
2018-08-20 00:43:09,901 INFO request args -- {'fwork_id': '1001', 'fpassword': 'password'} [/mnt/usb/public/source/project/hpshSystem/controllers/base_controller.py:23]
2018-08-20 00:43:09,901 INFO request args -- {'fwork_id': '1001', 'fpassword': 'password'} [/mnt/usb/public/source/project/hpshSystem/controllers/base_controller.py:23]
2018-08-20 00:43:09,901 INFO request args -- {'fwork_id': '1001', 'fpassword': 'password'} [/mnt/usb/public/source/project/hpshSystem/controllers/base_controller.py:23]
2018-08-20 00:43:09,901 INFO request args -- {'fwork_id': '1001', 'fpassword': 'password'} [/mnt/usb/public/source/project/hpshSystem/controllers/base_controller.py:23]
2018-08-20 00:43:09,901 INFO request args -- {'fwork_id': '1001', 'fpassword': 'password'} [/mnt/usb/public/source/project/hpshSystem/controllers/base_controller.py:23]
2018-08-20 00:43:09,906 INFO sql - select * from user_info where fwork_id=1001 and fpassword=password [/mnt/usb/public/source/project/hpshSystem/models/connection/db_mysql.py:59]
2018-08-20 00:43:09,906 INFO sql - select * from user_info where fwork_id=1001 and fpassword=password [/mnt/usb/public/source/project/hpshSystem/models/connection/db_mysql.py:59]
2018-08-20 00:43:09,906 INFO sql - select * from user_info where fwork_id=1001 and fpassword=password [/mnt/usb/public/source/project/hpshSystem/models/connection/db_mysql.py:59]
2018-08-20 00:43:09,906 INFO sql - select * from user_info where fwork_id=1001 and fpassword=password [/mnt/usb/public/source/project/hpshSystem/models/connection/db_mysql.py:59]
2018-08-20 00:43:09,906 INFO sql - select * from user_info where fwork_id=1001 and fpassword=password [/mnt/usb/public/source/project/hpshSystem/models/connection/db_mysql.py:59]
2018-08-20 00:43:09,906 INFO sql - select * from user_info where fwork_id=1001 and fpassword=password [/mnt/usb/public/source/project/hpshSystem/models/connection/db_mysql.py:59]
2018-08-20 00:43:09,906 INFO sql - select * from user_info where fwork_id=1001 and fpassword=password [/mnt/usb/public/source/project/hpshSystem/models/connection/db_mysql.py:59]
2018-08-20 00:43:09,910 ERROR SQL执行异常--(1054, "Unknown column 'password' in 'where clause'") [/mnt/usb/public/source/project/hpshSystem/models/connection/db_mysql.py:68]
2018-08-20 00:43:09,910 ERROR SQL执行异常--(1054, "Unknown column 'password' in 'where clause'") [/mnt/usb/public/source/project/hpshSystem/models/connection/db_mysql.py:68]
2018-08-20 00:43:09,910 ERROR SQL执行异常--(1054, "Unknown column 'password' in 'where clause'") [/mnt/usb/public/source/project/hpshSystem/models/connection/db_mysql.py:68]
2018-08-20 00:43:09,910 ERROR SQL执行异常--(1054, "Unknown column 'password' in 'where clause'") [/mnt/usb/public/source/project/hpshSystem/models/connection/db_mysql.py:68]
2018-08-20 00:43:09,910 ERROR SQL执行异常--(1054, "Unknown column 'password' in 'where clause'") [/mnt/usb/public/source/project/hpshSystem/models/connection/db_mysql.py:68]
2018-08-20 00:43:09,910 ERROR SQL执行异常--(1054, "Unknown column 'password' in 'where clause'") [/mnt/usb/public/source/project/hpshSystem/models/connection/db_mysql.py:68]
2018-08-20 00:43:09,910 ERROR SQL执行异常--(1054, "Unknown column 'password' in 'where clause'") [/mnt/usb/public/source/project/hpshSystem/models/connection/db_mysql.py:68]
2018-08-20 00:49:12,158 INFO starting -- 0.0.0.0 -- 8080 [bootstrap.py:52]
2018-08-20 00:49:26,579 INFO request args -- {'fwork_id': '1001', 'fpassword': 'asas'} [/mnt/usb/public/source/project/hpshSystem/controllers/base_controller.py:23]
2018-08-20 00:49:26,579 INFO request args -- {'fwork_id': '1001', 'fpassword': 'asas'} [/mnt/usb/public/source/project/hpshSystem/controllers/base_controller.py:23]
2018-08-20 00:49:26,583 INFO sql - select * from user_info where fwork_id=1001 and fpassword='asas' [/mnt/usb/public/source/project/hpshSystem/models/connection/db_mysql.py:59]
2018-08-20 00:49:26,583 INFO sql - select * from user_info where fwork_id=1001 and fpassword='asas' [/mnt/usb/public/source/project/hpshSystem/models/connection/db_mysql.py:59]
2018-08-20 00:49:26,583 INFO sql - select * from user_info where fwork_id=1001 and fpassword='asas' [/mnt/usb/public/source/project/hpshSystem/models/connection/db_mysql.py:59]
2018-08-20 00:49:26,587 INFO sql data -- () [/mnt/usb/public/source/project/hpshSystem/models/connection/db_mysql.py:65]
2018-08-20 00:49:26,587 INFO sql data -- () [/mnt/usb/public/source/project/hpshSystem/models/connection/db_mysql.py:65]
2018-08-20 00:49:26,587 INFO sql data -- () [/mnt/usb/public/source/project/hpshSystem/models/connection/db_mysql.py:65]
2018-08-20 00:49:26,587 INFO sql data -- () [/mnt/usb/public/source/project/hpshSystem/models/connection/db_mysql.py:65]
2018-08-20 00:49:41,529 INFO request args -- {'fwork_id': '1001', 'fpassword': 'password'} [/mnt/usb/public/source/project/hpshSystem/controllers/base_controller.py:23]
2018-08-20 00:49:41,529 INFO request args -- {'fwork_id': '1001', 'fpassword': 'password'} [/mnt/usb/public/source/project/hpshSystem/controllers/base_controller.py:23]
2018-08-20 00:49:41,529 INFO request args -- {'fwork_id': '1001', 'fpassword': 'password'} [/mnt/usb/public/source/project/hpshSystem/controllers/base_controller.py:23]
2018-08-20 00:49:41,529 INFO request args -- {'fwork_id': '1001', 'fpassword': 'password'} [/mnt/usb/public/source/project/hpshSystem/controllers/base_controller.py:23]
2018-08-20 00:49:41,529 INFO request args -- {'fwork_id': '1001', 'fpassword': 'password'} [/mnt/usb/public/source/project/hpshSystem/controllers/base_controller.py:23]
2018-08-20 00:49:41,534 INFO sql - select * from user_info where fwork_id=1001 and fpassword='password' [/mnt/usb/public/source/project/hpshSystem/models/connection/db_mysql.py:59]
2018-08-20 00:49:41,534 INFO sql - select * from user_info where fwork_id=1001 and fpassword='password' [/mnt/usb/public/source/project/hpshSystem/models/connection/db_mysql.py:59]
2018-08-20 00:49:41,534 INFO sql - select * from user_info where fwork_id=1001 and fpassword='password' [/mnt/usb/public/source/project/hpshSystem/models/connection/db_mysql.py:59]
2018-08-20 00:49:41,534 INFO sql - select * from user_info where fwork_id=1001 and fpassword='password' [/mnt/usb/public/source/project/hpshSystem/models/connection/db_mysql.py:59]
2018-08-20 00:49:41,534 INFO sql - select * from user_info where fwork_id=1001 and fpassword='password' [/mnt/usb/public/source/project/hpshSystem/models/connection/db_mysql.py:59]
2018-08-20 00:49:41,534 INFO sql - select * from user_info where fwork_id=1001 and fpassword='password' [/mnt/usb/public/source/project/hpshSystem/models/connection/db_mysql.py:59]
2018-08-20 00:49:41,538 INFO sql data -- [{'fname': '章三', 'fwork_id': 1001, 'fdept_id': 1, 'flevel_id': 1, 'fpassword': 'password', 'fadd_time': None, 'fupdate_time': None}] [/mnt/usb/public/source/project/hpshSystem/models/connection/db_mysql.py:65]
2018-08-20 00:49:41,538 INFO sql data -- [{'fname': '章三', 'fwork_id': 1001, 'fdept_id': 1, 'flevel_id': 1, 'fpassword': 'password', 'fadd_time': None, 'fupdate_time': None}] [/mnt/usb/public/source/project/hpshSystem/models/connection/db_mysql.py:65]
2018-08-20 00:49:41,538 INFO sql data -- [{'fname': '章三', 'fwork_id': 1001, 'fdept_id': 1, 'flevel_id': 1, 'fpassword': 'password', 'fadd_time': None, 'fupdate_time': None}] [/mnt/usb/public/source/project/hpshSystem/models/connection/db_mysql.py:65]
2018-08-20 00:49:41,538 INFO sql data -- [{'fname': '章三', 'fwork_id': 1001, 'fdept_id': 1, 'flevel_id': 1, 'fpassword': 'password', 'fadd_time': None, 'fupdate_time': None}] [/mnt/usb/public/source/project/hpshSystem/models/connection/db_mysql.py:65]
2018-08-20 00:49:41,538 INFO sql data -- [{'fname': '章三', 'fwork_id': 1001, 'fdept_id': 1, 'flevel_id': 1, 'fpassword': 'password', 'fadd_time': None, 'fupdate_time': None}] [/mnt/usb/public/source/project/hpshSystem/models/connection/db_mysql.py:65]
2018-08-20 00:49:41,538 INFO sql data -- [{'fname': '章三', 'fwork_id': 1001, 'fdept_id': 1, 'flevel_id': 1, 'fpassword': 'password', 'fadd_time': None, 'fupdate_time': None}] [/mnt/usb/public/source/project/hpshSystem/models/connection/db_mysql.py:65]
2018-08-20 00:49:41,538 INFO sql data -- [{'fname': '章三', 'fwork_id': 1001, 'fdept_id': 1, 'flevel_id': 1, 'fpassword': 'password', 'fadd_time': None, 'fupdate_time': None}] [/mnt/usb/public/source/project/hpshSystem/models/connection/db_mysql.py:65]
2018-08-20 00:56:10,240 INFO request args -- {} [/mnt/usb/public/source/project/hpshSystem/controllers/base_controller.py:23]
2018-08-20 00:56:10,240 INFO request args -- {} [/mnt/usb/public/source/project/hpshSystem/controllers/base_controller.py:23]
2018-08-20 00:56:10,240 INFO request args -- {} [/mnt/usb/public/source/project/hpshSystem/controllers/base_controller.py:23]
2018-08-20 00:56:10,240 INFO request args -- {} [/mnt/usb/public/source/project/hpshSystem/controllers/base_controller.py:23]
2018-08-20 00:56:10,240 INFO request args -- {} [/mnt/usb/public/source/project/hpshSystem/controllers/base_controller.py:23]
2018-08-20 00:56:10,240 INFO request args -- {} [/mnt/usb/public/source/project/hpshSystem/controllers/base_controller.py:23]
2018-08-20 00:56:10,240 INFO request args -- {} [/mnt/usb/public/source/project/hpshSystem/controllers/base_controller.py:23]
2018-08-20 00:56:10,240 INFO request args -- {} [/mnt/usb/public/source/project/hpshSystem/controllers/base_controller.py:23]
2018-08-20 01:03:05,499 INFO starting -- 0.0.0.0 -- 8080 [bootstrap.py:52]
2018-08-20 01:03:18,936 INFO request args -- {'fwork_id': '1001', 'fpassword': 'password'} [/mnt/usb/public/source/project/hpshSystem/controllers/base_controller.py:23]
2018-08-20 01:03:18,936 INFO request args -- {'fwork_id': '1001', 'fpassword': 'password'} [/mnt/usb/public/source/project/hpshSystem/controllers/base_controller.py:23]
2018-08-20 01:03:18,939 INFO sql - select * from user_info where fwork_id=1001 and fpassword='password' [/mnt/usb/public/source/project/hpshSystem/models/connection/db_mysql.py:59]
2018-08-20 01:03:18,939 INFO sql - select * from user_info where fwork_id=1001 and fpassword='password' [/mnt/usb/public/source/project/hpshSystem/models/connection/db_mysql.py:59]
2018-08-20 01:03:18,939 INFO sql - select * from user_info where fwork_id=1001 and fpassword='password' [/mnt/usb/public/source/project/hpshSystem/models/connection/db_mysql.py:59]
2018-08-20 01:03:18,941 INFO sql data -- [{'fname': '章三', 'fwork_id': 1001, 'fdept_id': 1, 'flevel_id': 1, 'fpassword': 'password', 'fadd_time': None, 'fupdate_time': None}] [/mnt/usb/public/source/project/hpshSystem/models/connection/db_mysql.py:65]
2018-08-20 01:03:18,941 INFO sql data -- [{'fname': '章三', 'fwork_id': 1001, 'fdept_id': 1, 'flevel_id': 1, 'fpassword': 'password', 'fadd_time': None, 'fupdate_time': None}] [/mnt/usb/public/source/project/hpshSystem/models/connection/db_mysql.py:65]
2018-08-20 01:03:18,941 INFO sql data -- [{'fname': '章三', 'fwork_id': 1001, 'fdept_id': 1, 'flevel_id': 1, 'fpassword': 'password', 'fadd_time': None, 'fupdate_time': None}] [/mnt/usb/public/source/project/hpshSystem/models/connection/db_mysql.py:65]
2018-08-20 01:03:18,941 INFO sql data -- [{'fname': '章三', 'fwork_id': 1001, 'fdept_id': 1, 'flevel_id': 1, 'fpassword': 'password', 'fadd_time': None, 'fupdate_time': None}] [/mnt/usb/public/source/project/hpshSystem/models/connection/db_mysql.py:65]
2018-08-20 01:23:12,029 INFO starting -- 0.0.0.0 -- 8080 [bootstrap.py:52]
2018-08-20 01:23:22,803 INFO request args -- {} [/mnt/usb/public/source/project/hpshSystem/controllers/base_controller.py:23]
2018-08-20 01:23:22,803 INFO request args -- {} [/mnt/usb/public/source/project/hpshSystem/controllers/base_controller.py:23]
2018-08-20 01:24:07,856 INFO request args -- {'fwork_id': '1001', 'fpassword': 'password'} [/mnt/usb/public/source/project/hpshSystem/controllers/base_controller.py:23]
2018-08-20 01:24:07,856 INFO request args -- {'fwork_id': '1001', 'fpassword': 'password'} [/mnt/usb/public/source/project/hpshSystem/controllers/base_controller.py:23]
2018-08-20 01:24:07,856 INFO request args -- {'fwork_id': '1001', 'fpassword': 'password'} [/mnt/usb/public/source/project/hpshSystem/controllers/base_controller.py:23]
2018-08-20 01:24:07,861 INFO sql - select * from user_info where fwork_id=1001 and fpassword='password' [/mnt/usb/public/source/project/hpshSystem/models/connection/db_mysql.py:59]
2018-08-20 01:24:07,861 INFO sql - select * from user_info where fwork_id=1001 and fpassword='password' [/mnt/usb/public/source/project/hpshSystem/models/connection/db_mysql.py:59]
2018-08-20 01:24:07,861 INFO sql - select * from user_info where fwork_id=1001 and fpassword='password' [/mnt/usb/public/source/project/hpshSystem/models/connection/db_mysql.py:59]
2018-08-20 01:24:07,861 INFO sql - select * from user_info where fwork_id=1001 and fpassword='password' [/mnt/usb/public/source/project/hpshSystem/models/connection/db_mysql.py:59]
2018-08-20 01:24:07,864 INFO sql data -- [{'fname': '章三', 'fwork_id': 1001, 'fdept_id': 1, 'flevel_id': 1, 'fpassword': 'password', 'fadd_time': None, 'fupdate_time': None}] [/mnt/usb/public/source/project/hpshSystem/models/connection/db_mysql.py:65]
2018-08-20 01:24:07,864 INFO sql data -- [{'fname': '章三', 'fwork_id': 1001, 'fdept_id': 1, 'flevel_id': 1, 'fpassword': 'password', 'fadd_time': None, 'fupdate_time': None}] [/mnt/usb/public/source/project/hpshSystem/models/connection/db_mysql.py:65]
2018-08-20 01:24:07,864 INFO sql data -- [{'fname': '章三', 'fwork_id': 1001, 'fdept_id': 1, 'flevel_id': 1, 'fpassword': 'password', 'fadd_time': None, 'fupdate_time': None}] [/mnt/usb/public/source/project/hpshSystem/models/connection/db_mysql.py:65]
2018-08-20 01:24:07,864 INFO sql data -- [{'fname': '章三', 'fwork_id': 1001, 'fdept_id': 1, 'flevel_id': 1, 'fpassword': 'password', 'fadd_time': None, 'fupdate_time': None}] [/mnt/usb/public/source/project/hpshSystem/models/connection/db_mysql.py:65]
2018-08-20 01:24:07,864 INFO sql data -- [{'fname': '章三', 'fwork_id': 1001, 'fdept_id': 1, 'flevel_id': 1, 'fpassword': 'password', 'fadd_time': None, 'fupdate_time': None}] [/mnt/usb/public/source/project/hpshSystem/models/connection/db_mysql.py:65]
